<?xml version="1.0" encoding="UTF-8"?>
<testsuite xmlns:xsi="http://www.w3.org/2001/XMLSchema-instance" xsi:noNamespaceSchemaLocation="https://maven.apache.org/surefire/maven-surefire-plugin/xsd/surefire-test-report.xsd" name="com.zara.catalog.controller.CatalogControllerTest" time="3.525" tests="1" errors="1" skipped="0" failures="0">
  <properties>
    <property name="sun.desktop" value="gnome"/>
    <property name="awt.toolkit" value="sun.awt.X11.XToolkit"/>
    <property name="java.specification.version" value="11"/>
    <property name="sun.cpu.isalist" value=""/>
    <property name="sun.jnu.encoding" value="UTF-8"/>
    <property name="java.class.path" value="/home/leonard/Documentos/Proyectos/zara-catalog/target/test-classes:/home/leonard/Documentos/Proyectos/zara-catalog/target/classes:/home/leonard/.m2/repository/org/springframework/boot/spring-boot-starter-webflux/2.5.4/spring-boot-starter-webflux-2.5.4.jar:/home/leonard/.m2/repository/org/springframework/boot/spring-boot-starter/2.5.4/spring-boot-starter-2.5.4.jar:/home/leonard/.m2/repository/org/springframework/boot/spring-boot/2.5.4/spring-boot-2.5.4.jar:/home/leonard/.m2/repository/org/springframework/boot/spring-boot-autoconfigure/2.5.4/spring-boot-autoconfigure-2.5.4.jar:/home/leonard/.m2/repository/org/springframework/boot/spring-boot-starter-logging/2.5.4/spring-boot-starter-logging-2.5.4.jar:/home/leonard/.m2/repository/ch/qos/logback/logback-classic/1.2.5/logback-classic-1.2.5.jar:/home/leonard/.m2/repository/ch/qos/logback/logback-core/1.2.5/logback-core-1.2.5.jar:/home/leonard/.m2/repository/org/apache/logging/log4j/log4j-to-slf4j/2.14.1/log4j-to-slf4j-2.14.1.jar:/home/leonard/.m2/repository/org/apache/logging/log4j/log4j-api/2.14.1/log4j-api-2.14.1.jar:/home/leonard/.m2/repository/org/slf4j/jul-to-slf4j/1.7.32/jul-to-slf4j-1.7.32.jar:/home/leonard/.m2/repository/jakarta/annotation/jakarta.annotation-api/1.3.5/jakarta.annotation-api-1.3.5.jar:/home/leonard/.m2/repository/org/yaml/snakeyaml/1.28/snakeyaml-1.28.jar:/home/leonard/.m2/repository/org/springframework/boot/spring-boot-starter-json/2.5.4/spring-boot-starter-json-2.5.4.jar:/home/leonard/.m2/repository/com/fasterxml/jackson/core/jackson-databind/2.12.4/jackson-databind-2.12.4.jar:/home/leonard/.m2/repository/com/fasterxml/jackson/core/jackson-annotations/2.12.4/jackson-annotations-2.12.4.jar:/home/leonard/.m2/repository/com/fasterxml/jackson/core/jackson-core/2.12.4/jackson-core-2.12.4.jar:/home/leonard/.m2/repository/com/fasterxml/jackson/datatype/jackson-datatype-jdk8/2.12.4/jackson-datatype-jdk8-2.12.4.jar:/home/leonard/.m2/repository/com/fasterxml/jackson/datatype/jackson-datatype-jsr310/2.12.4/jackson-datatype-jsr310-2.12.4.jar:/home/leonard/.m2/repository/com/fasterxml/jackson/module/jackson-module-parameter-names/2.12.4/jackson-module-parameter-names-2.12.4.jar:/home/leonard/.m2/repository/org/springframework/boot/spring-boot-starter-reactor-netty/2.5.4/spring-boot-starter-reactor-netty-2.5.4.jar:/home/leonard/.m2/repository/io/projectreactor/netty/reactor-netty-http/1.0.10/reactor-netty-http-1.0.10.jar:/home/leonard/.m2/repository/io/netty/netty-codec-http/4.1.67.Final/netty-codec-http-4.1.67.Final.jar:/home/leonard/.m2/repository/io/netty/netty-common/4.1.67.Final/netty-common-4.1.67.Final.jar:/home/leonard/.m2/repository/io/netty/netty-buffer/4.1.67.Final/netty-buffer-4.1.67.Final.jar:/home/leonard/.m2/repository/io/netty/netty-transport/4.1.67.Final/netty-transport-4.1.67.Final.jar:/home/leonard/.m2/repository/io/netty/netty-codec/4.1.67.Final/netty-codec-4.1.67.Final.jar:/home/leonard/.m2/repository/io/netty/netty-handler/4.1.67.Final/netty-handler-4.1.67.Final.jar:/home/leonard/.m2/repository/io/netty/netty-codec-http2/4.1.67.Final/netty-codec-http2-4.1.67.Final.jar:/home/leonard/.m2/repository/io/netty/netty-resolver-dns/4.1.67.Final/netty-resolver-dns-4.1.67.Final.jar:/home/leonard/.m2/repository/io/netty/netty-resolver/4.1.67.Final/netty-resolver-4.1.67.Final.jar:/home/leonard/.m2/repository/io/netty/netty-codec-dns/4.1.67.Final/netty-codec-dns-4.1.67.Final.jar:/home/leonard/.m2/repository/io/netty/netty-resolver-dns-native-macos/4.1.67.Final/netty-resolver-dns-native-macos-4.1.67.Final-osx-x86_64.jar:/home/leonard/.m2/repository/io/netty/netty-transport-native-unix-common/4.1.67.Final/netty-transport-native-unix-common-4.1.67.Final.jar:/home/leonard/.m2/repository/io/netty/netty-transport-native-epoll/4.1.67.Final/netty-transport-native-epoll-4.1.67.Final-linux-x86_64.jar:/home/leonard/.m2/repository/io/projectreactor/netty/reactor-netty-core/1.0.10/reactor-netty-core-1.0.10.jar:/home/leonard/.m2/repository/io/netty/netty-handler-proxy/4.1.67.Final/netty-handler-proxy-4.1.67.Final.jar:/home/leonard/.m2/repository/io/netty/netty-codec-socks/4.1.67.Final/netty-codec-socks-4.1.67.Final.jar:/home/leonard/.m2/repository/org/springframework/spring-web/5.3.9/spring-web-5.3.9.jar:/home/leonard/.m2/repository/org/springframework/spring-beans/5.3.9/spring-beans-5.3.9.jar:/home/leonard/.m2/repository/org/springframework/spring-webflux/5.3.9/spring-webflux-5.3.9.jar:/home/leonard/.m2/repository/org/springframework/boot/spring-boot-starter-web/2.5.4/spring-boot-starter-web-2.5.4.jar:/home/leonard/.m2/repository/org/springframework/boot/spring-boot-starter-tomcat/2.5.4/spring-boot-starter-tomcat-2.5.4.jar:/home/leonard/.m2/repository/org/apache/tomcat/embed/tomcat-embed-core/9.0.52/tomcat-embed-core-9.0.52.jar:/home/leonard/.m2/repository/org/apache/tomcat/embed/tomcat-embed-el/9.0.52/tomcat-embed-el-9.0.52.jar:/home/leonard/.m2/repository/org/apache/tomcat/embed/tomcat-embed-websocket/9.0.52/tomcat-embed-websocket-9.0.52.jar:/home/leonard/.m2/repository/org/springframework/spring-webmvc/5.3.9/spring-webmvc-5.3.9.jar:/home/leonard/.m2/repository/org/springframework/spring-aop/5.3.9/spring-aop-5.3.9.jar:/home/leonard/.m2/repository/org/springframework/spring-context/5.3.9/spring-context-5.3.9.jar:/home/leonard/.m2/repository/org/springframework/spring-expression/5.3.9/spring-expression-5.3.9.jar:/home/leonard/.m2/repository/org/springframework/boot/spring-boot-starter-data-r2dbc/2.5.4/spring-boot-starter-data-r2dbc-2.5.4.jar:/home/leonard/.m2/repository/org/springframework/data/spring-data-r2dbc/1.3.4/spring-data-r2dbc-1.3.4.jar:/home/leonard/.m2/repository/org/springframework/data/spring-data-commons/2.5.4/spring-data-commons-2.5.4.jar:/home/leonard/.m2/repository/org/springframework/data/spring-data-relational/2.2.4/spring-data-relational-2.2.4.jar:/home/leonard/.m2/repository/org/springframework/spring-r2dbc/5.3.9/spring-r2dbc-5.3.9.jar:/home/leonard/.m2/repository/org/springframework/spring-tx/5.3.9/spring-tx-5.3.9.jar:/home/leonard/.m2/repository/org/slf4j/slf4j-api/1.7.32/slf4j-api-1.7.32.jar:/home/leonard/.m2/repository/io/r2dbc/r2dbc-spi/0.8.5.RELEASE/r2dbc-spi-0.8.5.RELEASE.jar:/home/leonard/.m2/repository/org/reactivestreams/reactive-streams/1.0.3/reactive-streams-1.0.3.jar:/home/leonard/.m2/repository/io/r2dbc/r2dbc-pool/0.8.7.RELEASE/r2dbc-pool-0.8.7.RELEASE.jar:/home/leonard/.m2/repository/io/projectreactor/addons/reactor-pool/0.2.6/reactor-pool-0.2.6.jar:/home/leonard/.m2/repository/com/h2database/h2/1.4.200/h2-1.4.200.jar:/home/leonard/.m2/repository/io/r2dbc/r2dbc-h2/0.8.4.RELEASE/r2dbc-h2-0.8.4.RELEASE.jar:/home/leonard/.m2/repository/io/projectreactor/reactor-core/3.4.9/reactor-core-3.4.9.jar:/home/leonard/.m2/repository/org/projectlombok/lombok/1.18.20/lombok-1.18.20.jar:/home/leonard/.m2/repository/org/mapstruct/mapstruct/1.4.2.Final/mapstruct-1.4.2.Final.jar:/home/leonard/.m2/repository/com/opencsv/opencsv/4.1/opencsv-4.1.jar:/home/leonard/.m2/repository/org/apache/commons/commons-lang3/3.12.0/commons-lang3-3.12.0.jar:/home/leonard/.m2/repository/org/apache/commons/commons-text/1.1/commons-text-1.1.jar:/home/leonard/.m2/repository/commons-beanutils/commons-beanutils/1.9.3/commons-beanutils-1.9.3.jar:/home/leonard/.m2/repository/commons-logging/commons-logging/1.2/commons-logging-1.2.jar:/home/leonard/.m2/repository/commons-collections/commons-collections/3.2.2/commons-collections-3.2.2.jar:/home/leonard/.m2/repository/org/springframework/boot/spring-boot-starter-test/2.5.4/spring-boot-starter-test-2.5.4.jar:/home/leonard/.m2/repository/org/springframework/boot/spring-boot-test/2.5.4/spring-boot-test-2.5.4.jar:/home/leonard/.m2/repository/org/springframework/boot/spring-boot-test-autoconfigure/2.5.4/spring-boot-test-autoconfigure-2.5.4.jar:/home/leonard/.m2/repository/com/jayway/jsonpath/json-path/2.5.0/json-path-2.5.0.jar:/home/leonard/.m2/repository/net/minidev/json-smart/2.4.7/json-smart-2.4.7.jar:/home/leonard/.m2/repository/net/minidev/accessors-smart/2.4.7/accessors-smart-2.4.7.jar:/home/leonard/.m2/repository/org/ow2/asm/asm/9.1/asm-9.1.jar:/home/leonard/.m2/repository/jakarta/xml/bind/jakarta.xml.bind-api/2.3.3/jakarta.xml.bind-api-2.3.3.jar:/home/leonard/.m2/repository/jakarta/activation/jakarta.activation-api/1.2.2/jakarta.activation-api-1.2.2.jar:/home/leonard/.m2/repository/org/assertj/assertj-core/3.19.0/assertj-core-3.19.0.jar:/home/leonard/.m2/repository/org/hamcrest/hamcrest/2.2/hamcrest-2.2.jar:/home/leonard/.m2/repository/org/junit/jupiter/junit-jupiter/5.7.2/junit-jupiter-5.7.2.jar:/home/leonard/.m2/repository/org/junit/jupiter/junit-jupiter-api/5.7.2/junit-jupiter-api-5.7.2.jar:/home/leonard/.m2/repository/org/apiguardian/apiguardian-api/1.1.0/apiguardian-api-1.1.0.jar:/home/leonard/.m2/repository/org/opentest4j/opentest4j/1.2.0/opentest4j-1.2.0.jar:/home/leonard/.m2/repository/org/junit/platform/junit-platform-commons/1.7.2/junit-platform-commons-1.7.2.jar:/home/leonard/.m2/repository/org/junit/jupiter/junit-jupiter-params/5.7.2/junit-jupiter-params-5.7.2.jar:/home/leonard/.m2/repository/org/junit/jupiter/junit-jupiter-engine/5.7.2/junit-jupiter-engine-5.7.2.jar:/home/leonard/.m2/repository/org/junit/platform/junit-platform-engine/1.7.2/junit-platform-engine-1.7.2.jar:/home/leonard/.m2/repository/org/mockito/mockito-core/3.9.0/mockito-core-3.9.0.jar:/home/leonard/.m2/repository/net/bytebuddy/byte-buddy/1.10.22/byte-buddy-1.10.22.jar:/home/leonard/.m2/repository/net/bytebuddy/byte-buddy-agent/1.10.22/byte-buddy-agent-1.10.22.jar:/home/leonard/.m2/repository/org/objenesis/objenesis/3.2/objenesis-3.2.jar:/home/leonard/.m2/repository/org/mockito/mockito-junit-jupiter/3.9.0/mockito-junit-jupiter-3.9.0.jar:/home/leonard/.m2/repository/org/skyscreamer/jsonassert/1.5.0/jsonassert-1.5.0.jar:/home/leonard/.m2/repository/com/vaadin/external/google/android-json/0.0.20131108.vaadin1/android-json-0.0.20131108.vaadin1.jar:/home/leonard/.m2/repository/org/springframework/spring-core/5.3.9/spring-core-5.3.9.jar:/home/leonard/.m2/repository/org/springframework/spring-jcl/5.3.9/spring-jcl-5.3.9.jar:/home/leonard/.m2/repository/org/springframework/spring-test/5.3.9/spring-test-5.3.9.jar:/home/leonard/.m2/repository/org/xmlunit/xmlunit-core/2.8.2/xmlunit-core-2.8.2.jar:"/>
    <property name="java.vm.vendor" value="Private Build"/>
    <property name="sun.arch.data.model" value="64"/>
    <property name="java.vendor.url" value="Unknown"/>
    <property name="user.timezone" value=""/>
    <property name="java.vm.specification.version" value="11"/>
    <property name="os.name" value="Linux"/>
    <property name="sun.java.launcher" value="SUN_STANDARD"/>
    <property name="user.country" value="PE"/>
    <property name="sun.boot.library.path" value="/usr/lib/jvm/java-11-openjdk-amd64/lib"/>
    <property name="sun.java.command" value="/home/leonard/Documentos/Proyectos/zara-catalog/target/surefire/surefirebooter666421742206647426.jar /home/leonard/Documentos/Proyectos/zara-catalog/target/surefire 2022-05-13T22-11-18_442-jvmRun1 surefire15535985193614079112tmp surefire_010870077452454165170tmp"/>
    <property name="jdk.debug" value="release"/>
    <property name="surefire.test.class.path" value="/home/leonard/Documentos/Proyectos/zara-catalog/target/test-classes:/home/leonard/Documentos/Proyectos/zara-catalog/target/classes:/home/leonard/.m2/repository/org/springframework/boot/spring-boot-starter-webflux/2.5.4/spring-boot-starter-webflux-2.5.4.jar:/home/leonard/.m2/repository/org/springframework/boot/spring-boot-starter/2.5.4/spring-boot-starter-2.5.4.jar:/home/leonard/.m2/repository/org/springframework/boot/spring-boot/2.5.4/spring-boot-2.5.4.jar:/home/leonard/.m2/repository/org/springframework/boot/spring-boot-autoconfigure/2.5.4/spring-boot-autoconfigure-2.5.4.jar:/home/leonard/.m2/repository/org/springframework/boot/spring-boot-starter-logging/2.5.4/spring-boot-starter-logging-2.5.4.jar:/home/leonard/.m2/repository/ch/qos/logback/logback-classic/1.2.5/logback-classic-1.2.5.jar:/home/leonard/.m2/repository/ch/qos/logback/logback-core/1.2.5/logback-core-1.2.5.jar:/home/leonard/.m2/repository/org/apache/logging/log4j/log4j-to-slf4j/2.14.1/log4j-to-slf4j-2.14.1.jar:/home/leonard/.m2/repository/org/apache/logging/log4j/log4j-api/2.14.1/log4j-api-2.14.1.jar:/home/leonard/.m2/repository/org/slf4j/jul-to-slf4j/1.7.32/jul-to-slf4j-1.7.32.jar:/home/leonard/.m2/repository/jakarta/annotation/jakarta.annotation-api/1.3.5/jakarta.annotation-api-1.3.5.jar:/home/leonard/.m2/repository/org/yaml/snakeyaml/1.28/snakeyaml-1.28.jar:/home/leonard/.m2/repository/org/springframework/boot/spring-boot-starter-json/2.5.4/spring-boot-starter-json-2.5.4.jar:/home/leonard/.m2/repository/com/fasterxml/jackson/core/jackson-databind/2.12.4/jackson-databind-2.12.4.jar:/home/leonard/.m2/repository/com/fasterxml/jackson/core/jackson-annotations/2.12.4/jackson-annotations-2.12.4.jar:/home/leonard/.m2/repository/com/fasterxml/jackson/core/jackson-core/2.12.4/jackson-core-2.12.4.jar:/home/leonard/.m2/repository/com/fasterxml/jackson/datatype/jackson-datatype-jdk8/2.12.4/jackson-datatype-jdk8-2.12.4.jar:/home/leonard/.m2/repository/com/fasterxml/jackson/datatype/jackson-datatype-jsr310/2.12.4/jackson-datatype-jsr310-2.12.4.jar:/home/leonard/.m2/repository/com/fasterxml/jackson/module/jackson-module-parameter-names/2.12.4/jackson-module-parameter-names-2.12.4.jar:/home/leonard/.m2/repository/org/springframework/boot/spring-boot-starter-reactor-netty/2.5.4/spring-boot-starter-reactor-netty-2.5.4.jar:/home/leonard/.m2/repository/io/projectreactor/netty/reactor-netty-http/1.0.10/reactor-netty-http-1.0.10.jar:/home/leonard/.m2/repository/io/netty/netty-codec-http/4.1.67.Final/netty-codec-http-4.1.67.Final.jar:/home/leonard/.m2/repository/io/netty/netty-common/4.1.67.Final/netty-common-4.1.67.Final.jar:/home/leonard/.m2/repository/io/netty/netty-buffer/4.1.67.Final/netty-buffer-4.1.67.Final.jar:/home/leonard/.m2/repository/io/netty/netty-transport/4.1.67.Final/netty-transport-4.1.67.Final.jar:/home/leonard/.m2/repository/io/netty/netty-codec/4.1.67.Final/netty-codec-4.1.67.Final.jar:/home/leonard/.m2/repository/io/netty/netty-handler/4.1.67.Final/netty-handler-4.1.67.Final.jar:/home/leonard/.m2/repository/io/netty/netty-codec-http2/4.1.67.Final/netty-codec-http2-4.1.67.Final.jar:/home/leonard/.m2/repository/io/netty/netty-resolver-dns/4.1.67.Final/netty-resolver-dns-4.1.67.Final.jar:/home/leonard/.m2/repository/io/netty/netty-resolver/4.1.67.Final/netty-resolver-4.1.67.Final.jar:/home/leonard/.m2/repository/io/netty/netty-codec-dns/4.1.67.Final/netty-codec-dns-4.1.67.Final.jar:/home/leonard/.m2/repository/io/netty/netty-resolver-dns-native-macos/4.1.67.Final/netty-resolver-dns-native-macos-4.1.67.Final-osx-x86_64.jar:/home/leonard/.m2/repository/io/netty/netty-transport-native-unix-common/4.1.67.Final/netty-transport-native-unix-common-4.1.67.Final.jar:/home/leonard/.m2/repository/io/netty/netty-transport-native-epoll/4.1.67.Final/netty-transport-native-epoll-4.1.67.Final-linux-x86_64.jar:/home/leonard/.m2/repository/io/projectreactor/netty/reactor-netty-core/1.0.10/reactor-netty-core-1.0.10.jar:/home/leonard/.m2/repository/io/netty/netty-handler-proxy/4.1.67.Final/netty-handler-proxy-4.1.67.Final.jar:/home/leonard/.m2/repository/io/netty/netty-codec-socks/4.1.67.Final/netty-codec-socks-4.1.67.Final.jar:/home/leonard/.m2/repository/org/springframework/spring-web/5.3.9/spring-web-5.3.9.jar:/home/leonard/.m2/repository/org/springframework/spring-beans/5.3.9/spring-beans-5.3.9.jar:/home/leonard/.m2/repository/org/springframework/spring-webflux/5.3.9/spring-webflux-5.3.9.jar:/home/leonard/.m2/repository/org/springframework/boot/spring-boot-starter-web/2.5.4/spring-boot-starter-web-2.5.4.jar:/home/leonard/.m2/repository/org/springframework/boot/spring-boot-starter-tomcat/2.5.4/spring-boot-starter-tomcat-2.5.4.jar:/home/leonard/.m2/repository/org/apache/tomcat/embed/tomcat-embed-core/9.0.52/tomcat-embed-core-9.0.52.jar:/home/leonard/.m2/repository/org/apache/tomcat/embed/tomcat-embed-el/9.0.52/tomcat-embed-el-9.0.52.jar:/home/leonard/.m2/repository/org/apache/tomcat/embed/tomcat-embed-websocket/9.0.52/tomcat-embed-websocket-9.0.52.jar:/home/leonard/.m2/repository/org/springframework/spring-webmvc/5.3.9/spring-webmvc-5.3.9.jar:/home/leonard/.m2/repository/org/springframework/spring-aop/5.3.9/spring-aop-5.3.9.jar:/home/leonard/.m2/repository/org/springframework/spring-context/5.3.9/spring-context-5.3.9.jar:/home/leonard/.m2/repository/org/springframework/spring-expression/5.3.9/spring-expression-5.3.9.jar:/home/leonard/.m2/repository/org/springframework/boot/spring-boot-starter-data-r2dbc/2.5.4/spring-boot-starter-data-r2dbc-2.5.4.jar:/home/leonard/.m2/repository/org/springframework/data/spring-data-r2dbc/1.3.4/spring-data-r2dbc-1.3.4.jar:/home/leonard/.m2/repository/org/springframework/data/spring-data-commons/2.5.4/spring-data-commons-2.5.4.jar:/home/leonard/.m2/repository/org/springframework/data/spring-data-relational/2.2.4/spring-data-relational-2.2.4.jar:/home/leonard/.m2/repository/org/springframework/spring-r2dbc/5.3.9/spring-r2dbc-5.3.9.jar:/home/leonard/.m2/repository/org/springframework/spring-tx/5.3.9/spring-tx-5.3.9.jar:/home/leonard/.m2/repository/org/slf4j/slf4j-api/1.7.32/slf4j-api-1.7.32.jar:/home/leonard/.m2/repository/io/r2dbc/r2dbc-spi/0.8.5.RELEASE/r2dbc-spi-0.8.5.RELEASE.jar:/home/leonard/.m2/repository/org/reactivestreams/reactive-streams/1.0.3/reactive-streams-1.0.3.jar:/home/leonard/.m2/repository/io/r2dbc/r2dbc-pool/0.8.7.RELEASE/r2dbc-pool-0.8.7.RELEASE.jar:/home/leonard/.m2/repository/io/projectreactor/addons/reactor-pool/0.2.6/reactor-pool-0.2.6.jar:/home/leonard/.m2/repository/com/h2database/h2/1.4.200/h2-1.4.200.jar:/home/leonard/.m2/repository/io/r2dbc/r2dbc-h2/0.8.4.RELEASE/r2dbc-h2-0.8.4.RELEASE.jar:/home/leonard/.m2/repository/io/projectreactor/reactor-core/3.4.9/reactor-core-3.4.9.jar:/home/leonard/.m2/repository/org/projectlombok/lombok/1.18.20/lombok-1.18.20.jar:/home/leonard/.m2/repository/org/mapstruct/mapstruct/1.4.2.Final/mapstruct-1.4.2.Final.jar:/home/leonard/.m2/repository/com/opencsv/opencsv/4.1/opencsv-4.1.jar:/home/leonard/.m2/repository/org/apache/commons/commons-lang3/3.12.0/commons-lang3-3.12.0.jar:/home/leonard/.m2/repository/org/apache/commons/commons-text/1.1/commons-text-1.1.jar:/home/leonard/.m2/repository/commons-beanutils/commons-beanutils/1.9.3/commons-beanutils-1.9.3.jar:/home/leonard/.m2/repository/commons-logging/commons-logging/1.2/commons-logging-1.2.jar:/home/leonard/.m2/repository/commons-collections/commons-collections/3.2.2/commons-collections-3.2.2.jar:/home/leonard/.m2/repository/org/springframework/boot/spring-boot-starter-test/2.5.4/spring-boot-starter-test-2.5.4.jar:/home/leonard/.m2/repository/org/springframework/boot/spring-boot-test/2.5.4/spring-boot-test-2.5.4.jar:/home/leonard/.m2/repository/org/springframework/boot/spring-boot-test-autoconfigure/2.5.4/spring-boot-test-autoconfigure-2.5.4.jar:/home/leonard/.m2/repository/com/jayway/jsonpath/json-path/2.5.0/json-path-2.5.0.jar:/home/leonard/.m2/repository/net/minidev/json-smart/2.4.7/json-smart-2.4.7.jar:/home/leonard/.m2/repository/net/minidev/accessors-smart/2.4.7/accessors-smart-2.4.7.jar:/home/leonard/.m2/repository/org/ow2/asm/asm/9.1/asm-9.1.jar:/home/leonard/.m2/repository/jakarta/xml/bind/jakarta.xml.bind-api/2.3.3/jakarta.xml.bind-api-2.3.3.jar:/home/leonard/.m2/repository/jakarta/activation/jakarta.activation-api/1.2.2/jakarta.activation-api-1.2.2.jar:/home/leonard/.m2/repository/org/assertj/assertj-core/3.19.0/assertj-core-3.19.0.jar:/home/leonard/.m2/repository/org/hamcrest/hamcrest/2.2/hamcrest-2.2.jar:/home/leonard/.m2/repository/org/junit/jupiter/junit-jupiter/5.7.2/junit-jupiter-5.7.2.jar:/home/leonard/.m2/repository/org/junit/jupiter/junit-jupiter-api/5.7.2/junit-jupiter-api-5.7.2.jar:/home/leonard/.m2/repository/org/apiguardian/apiguardian-api/1.1.0/apiguardian-api-1.1.0.jar:/home/leonard/.m2/repository/org/opentest4j/opentest4j/1.2.0/opentest4j-1.2.0.jar:/home/leonard/.m2/repository/org/junit/platform/junit-platform-commons/1.7.2/junit-platform-commons-1.7.2.jar:/home/leonard/.m2/repository/org/junit/jupiter/junit-jupiter-params/5.7.2/junit-jupiter-params-5.7.2.jar:/home/leonard/.m2/repository/org/junit/jupiter/junit-jupiter-engine/5.7.2/junit-jupiter-engine-5.7.2.jar:/home/leonard/.m2/repository/org/junit/platform/junit-platform-engine/1.7.2/junit-platform-engine-1.7.2.jar:/home/leonard/.m2/repository/org/mockito/mockito-core/3.9.0/mockito-core-3.9.0.jar:/home/leonard/.m2/repository/net/bytebuddy/byte-buddy/1.10.22/byte-buddy-1.10.22.jar:/home/leonard/.m2/repository/net/bytebuddy/byte-buddy-agent/1.10.22/byte-buddy-agent-1.10.22.jar:/home/leonard/.m2/repository/org/objenesis/objenesis/3.2/objenesis-3.2.jar:/home/leonard/.m2/repository/org/mockito/mockito-junit-jupiter/3.9.0/mockito-junit-jupiter-3.9.0.jar:/home/leonard/.m2/repository/org/skyscreamer/jsonassert/1.5.0/jsonassert-1.5.0.jar:/home/leonard/.m2/repository/com/vaadin/external/google/android-json/0.0.20131108.vaadin1/android-json-0.0.20131108.vaadin1.jar:/home/leonard/.m2/repository/org/springframework/spring-core/5.3.9/spring-core-5.3.9.jar:/home/leonard/.m2/repository/org/springframework/spring-jcl/5.3.9/spring-jcl-5.3.9.jar:/home/leonard/.m2/repository/org/springframework/spring-test/5.3.9/spring-test-5.3.9.jar:/home/leonard/.m2/repository/org/xmlunit/xmlunit-core/2.8.2/xmlunit-core-2.8.2.jar:"/>
    <property name="sun.cpu.endian" value="little"/>
    <property name="user.home" value="/home/leonard"/>
    <property name="user.language" value="es"/>
    <property name="java.specification.vendor" value="Oracle Corporation"/>
    <property name="java.version.date" value="2022-04-19"/>
    <property name="java.home" value="/usr/lib/jvm/java-11-openjdk-amd64"/>
    <property name="file.separator" value="/"/>
    <property name="basedir" value="/home/leonard/Documentos/Proyectos/zara-catalog"/>
    <property name="java.vm.compressedOopsMode" value="Zero based"/>
    <property name="line.separator" value="&#10;"/>
    <property name="java.specification.name" value="Java Platform API Specification"/>
    <property name="java.vm.specification.vendor" value="Oracle Corporation"/>
    <property name="java.awt.graphicsenv" value="sun.awt.X11GraphicsEnvironment"/>
    <property name="surefire.real.class.path" value="/home/leonard/Documentos/Proyectos/zara-catalog/target/surefire/surefirebooter666421742206647426.jar"/>
    <property name="sun.management.compiler" value="HotSpot 64-Bit Tiered Compilers"/>
    <property name="java.runtime.version" value="11.0.15+10-Ubuntu-0ubuntu0.20.04.1"/>
    <property name="user.name" value="leonard"/>
    <property name="path.separator" value=":"/>
    <property name="os.version" value="5.13.0-40-generic"/>
    <property name="java.runtime.name" value="OpenJDK Runtime Environment"/>
    <property name="file.encoding" value="UTF-8"/>
    <property name="java.vm.name" value="OpenJDK 64-Bit Server VM"/>
    <property name="localRepository" value="/home/leonard/.m2/repository"/>
    <property name="java.vendor.url.bug" value="Unknown"/>
    <property name="java.io.tmpdir" value="/tmp"/>
    <property name="idea.version" value="2022.1.1"/>
    <property name="java.version" value="11.0.15"/>
    <property name="user.dir" value="/home/leonard/Documentos/Proyectos/zara-catalog"/>
    <property name="os.arch" value="amd64"/>
    <property name="java.vm.specification.name" value="Java Virtual Machine Specification"/>
    <property name="java.awt.printerjob" value="sun.print.PSPrinterJob"/>
    <property name="sun.os.patch.level" value="unknown"/>
    <property name="java.library.path" value="/usr/java/packages/lib:/usr/lib/x86_64-linux-gnu/jni:/lib/x86_64-linux-gnu:/usr/lib/x86_64-linux-gnu:/usr/lib/jni:/lib:/usr/lib"/>
    <property name="java.vm.info" value="mixed mode, sharing"/>
    <property name="java.vendor" value="Private Build"/>
    <property name="java.vm.version" value="11.0.15+10-Ubuntu-0ubuntu0.20.04.1"/>
    <property name="sun.io.unicode.encoding" value="UnicodeLittle"/>
    <property name="java.class.version" value="55.0"/>
  </properties>
  <testcase name="getProductOk1" classname="com.zara.catalog.controller.CatalogControllerTest" time="0.05">
    <error message="&#10;Unfinished stubbing detected here:&#10;-&gt; at com.zara.catalog.controller.CatalogControllerTest.getProductOk1(CatalogControllerTest.java:50)&#10;&#10;E.g. thenReturn() may be missing.&#10;Examples of correct stubbing:&#10;    when(mock.isOk()).thenReturn(true);&#10;    when(mock.isOk()).thenThrow(exception);&#10;    doThrow(exception).when(mock).someVoidMethod();&#10;Hints:&#10; 1. missing thenReturn()&#10; 2. you are trying to stub a final method, which is not supported&#10; 3. you are stubbing the behaviour of another mock inside before &apos;thenReturn&apos; instruction is completed&#10;" type="org.mockito.exceptions.misusing.UnfinishedStubbingException">org.mockito.exceptions.misusing.UnfinishedStubbingException: 

Unfinished stubbing detected here:
-> at com.zara.catalog.controller.CatalogControllerTest.getProductOk1(CatalogControllerTest.java:50)

E.g. thenReturn() may be missing.
Examples of correct stubbing:
    when(mock.isOk()).thenReturn(true);
    when(mock.isOk()).thenThrow(exception);
    doThrow(exception).when(mock).someVoidMethod();
Hints:
 1. missing thenReturn()
 2. you are trying to stub a final method, which is not supported
 3. you are stubbing the behaviour of another mock inside before 'thenReturn' instruction is completed

	at com.zara.catalog.controller.CatalogControllerTest.getProductOk1(CatalogControllerTest.java:50)
</error>
    <system-out><![CDATA[22:11:19.444 [main] DEBUG org.springframework.test.context.BootstrapUtils - Instantiating CacheAwareContextLoaderDelegate from class [org.springframework.test.context.cache.DefaultCacheAwareContextLoaderDelegate]
22:11:19.459 [main] DEBUG org.springframework.test.context.BootstrapUtils - Instantiating BootstrapContext using constructor [public org.springframework.test.context.support.DefaultBootstrapContext(java.lang.Class,org.springframework.test.context.CacheAwareContextLoaderDelegate)]
22:11:19.508 [main] DEBUG org.springframework.test.context.BootstrapUtils - Instantiating TestContextBootstrapper for test class [com.zara.catalog.controller.CatalogControllerTest] from class [org.springframework.boot.test.autoconfigure.web.servlet.WebMvcTestContextBootstrapper]
22:11:19.528 [main] INFO org.springframework.boot.test.autoconfigure.web.servlet.WebMvcTestContextBootstrapper - Neither @ContextConfiguration nor @ContextHierarchy found for test class [com.zara.catalog.controller.CatalogControllerTest], using SpringBootContextLoader
22:11:19.536 [main] DEBUG org.springframework.test.context.support.AbstractContextLoader - Did not detect default resource location for test class [com.zara.catalog.controller.CatalogControllerTest]: class path resource [com/zara/catalog/controller/CatalogControllerTest-context.xml] does not exist
22:11:19.537 [main] DEBUG org.springframework.test.context.support.AbstractContextLoader - Did not detect default resource location for test class [com.zara.catalog.controller.CatalogControllerTest]: class path resource [com/zara/catalog/controller/CatalogControllerTestContext.groovy] does not exist
22:11:19.537 [main] INFO org.springframework.test.context.support.AbstractContextLoader - Could not detect default resource locations for test class [com.zara.catalog.controller.CatalogControllerTest]: no resource found for suffixes {-context.xml, Context.groovy}.
22:11:19.538 [main] INFO org.springframework.test.context.support.AnnotationConfigContextLoaderUtils - Could not detect default configuration classes for test class [com.zara.catalog.controller.CatalogControllerTest]: CatalogControllerTest does not declare any static, non-private, non-final, nested classes annotated with @Configuration.
22:11:19.651 [main] DEBUG org.springframework.test.context.support.ActiveProfilesUtils - Could not find an 'annotation declaring class' for annotation type [org.springframework.test.context.ActiveProfiles] and class [com.zara.catalog.controller.CatalogControllerTest]
22:11:19.722 [main] DEBUG org.springframework.context.annotation.ClassPathScanningCandidateComponentProvider - Identified candidate component class: file [/home/leonard/Documentos/Proyectos/zara-catalog/target/classes/com/zara/catalog/CatalogApplication.class]
22:11:19.724 [main] DEBUG org.springframework.context.annotation.ClassPathScanningCandidateComponentProvider - Ignored because not a concrete top-level class: file [/home/leonard/Documentos/Proyectos/zara-catalog/target/classes/com/zara/catalog/StarterWebApplication.class]
22:11:19.725 [main] INFO org.springframework.boot.test.context.SpringBootTestContextBootstrapper - Found @SpringBootConfiguration com.zara.catalog.CatalogApplication for test class com.zara.catalog.controller.CatalogControllerTest
22:11:19.730 [main] DEBUG org.springframework.boot.test.autoconfigure.web.servlet.WebMvcTestContextBootstrapper - @TestExecutionListeners is not present for class [com.zara.catalog.controller.CatalogControllerTest]: using defaults.
22:11:19.731 [main] INFO org.springframework.boot.test.autoconfigure.web.servlet.WebMvcTestContextBootstrapper - Loaded default TestExecutionListener class names from location [META-INF/spring.factories]: [org.springframework.boot.test.mock.mockito.MockitoTestExecutionListener, org.springframework.boot.test.mock.mockito.ResetMocksTestExecutionListener, org.springframework.boot.test.autoconfigure.restdocs.RestDocsTestExecutionListener, org.springframework.boot.test.autoconfigure.web.client.MockRestServiceServerResetTestExecutionListener, org.springframework.boot.test.autoconfigure.web.servlet.MockMvcPrintOnlyOnFailureTestExecutionListener, org.springframework.boot.test.autoconfigure.web.servlet.WebDriverTestExecutionListener, org.springframework.boot.test.autoconfigure.webservices.client.MockWebServiceServerTestExecutionListener, org.springframework.test.context.web.ServletTestExecutionListener, org.springframework.test.context.support.DirtiesContextBeforeModesTestExecutionListener, org.springframework.test.context.event.ApplicationEventsTestExecutionListener, org.springframework.test.context.support.DependencyInjectionTestExecutionListener, org.springframework.test.context.support.DirtiesContextTestExecutionListener, org.springframework.test.context.transaction.TransactionalTestExecutionListener, org.springframework.test.context.jdbc.SqlScriptsTestExecutionListener, org.springframework.test.context.event.EventPublishingTestExecutionListener]
22:11:19.750 [main] INFO org.springframework.boot.test.autoconfigure.web.servlet.WebMvcTestContextBootstrapper - Using TestExecutionListeners: [org.springframework.test.context.web.ServletTestExecutionListener@5f77d0f9, org.springframework.test.context.support.DirtiesContextBeforeModesTestExecutionListener@463fd068, org.springframework.test.context.event.ApplicationEventsTestExecutionListener@895e367, org.springframework.boot.test.mock.mockito.MockitoTestExecutionListener@1b266842, org.springframework.boot.test.autoconfigure.SpringBootDependencyInjectionTestExecutionListener@7a3793c7, org.springframework.test.context.support.DirtiesContextTestExecutionListener@42b3b079, org.springframework.test.context.transaction.TransactionalTestExecutionListener@651aed93, org.springframework.test.context.jdbc.SqlScriptsTestExecutionListener@4dd6fd0a, org.springframework.test.context.event.EventPublishingTestExecutionListener@bb9e6dc, org.springframework.boot.test.mock.mockito.ResetMocksTestExecutionListener@5456afaa, org.springframework.boot.test.autoconfigure.restdocs.RestDocsTestExecutionListener@6692b6c6, org.springframework.boot.test.autoconfigure.web.client.MockRestServiceServerResetTestExecutionListener@1cd629b3, org.springframework.boot.test.autoconfigure.web.servlet.MockMvcPrintOnlyOnFailureTestExecutionListener@589da3f3, org.springframework.boot.test.autoconfigure.web.servlet.WebDriverTestExecutionListener@39d76cb5, org.springframework.boot.test.autoconfigure.webservices.client.MockWebServiceServerTestExecutionListener@4a00d9cf]
22:11:19.756 [main] DEBUG org.springframework.test.context.support.AbstractDirtiesContextTestExecutionListener - Before test class: context [DefaultTestContext@1c852c0f testClass = CatalogControllerTest, testInstance = [null], testMethod = [null], testException = [null], mergedContextConfiguration = [WebMergedContextConfiguration@a37aefe testClass = CatalogControllerTest, locations = '{}', classes = '{class com.zara.catalog.CatalogApplication}', contextInitializerClasses = '[]', activeProfiles = '{}', propertySourceLocations = '{}', propertySourceProperties = '{org.springframework.boot.test.autoconfigure.web.servlet.WebMvcTestContextBootstrapper=true}', contextCustomizers = set[[ImportsContextCustomizer@5d99c6b5 key = [org.springframework.boot.autoconfigure.cache.CacheAutoConfiguration, org.springframework.boot.autoconfigure.context.MessageSourceAutoConfiguration, org.springframework.boot.autoconfigure.data.web.SpringDataWebAutoConfiguration, org.springframework.boot.autoconfigure.freemarker.FreeMarkerAutoConfiguration, org.springframework.boot.autoconfigure.groovy.template.GroovyTemplateAutoConfiguration, org.springframework.boot.autoconfigure.gson.GsonAutoConfiguration, org.springframework.boot.autoconfigure.hateoas.HypermediaAutoConfiguration, org.springframework.boot.autoconfigure.http.HttpMessageConvertersAutoConfiguration, org.springframework.boot.autoconfigure.jackson.JacksonAutoConfiguration, org.springframework.boot.autoconfigure.jsonb.JsonbAutoConfiguration, org.springframework.boot.autoconfigure.mustache.MustacheAutoConfiguration, org.springframework.boot.autoconfigure.task.TaskExecutionAutoConfiguration, org.springframework.boot.autoconfigure.thymeleaf.ThymeleafAutoConfiguration, org.springframework.boot.autoconfigure.validation.ValidationAutoConfiguration, org.springframework.boot.autoconfigure.web.servlet.error.ErrorMvcAutoConfiguration, org.springframework.boot.autoconfigure.web.servlet.HttpEncodingAutoConfiguration, org.springframework.boot.autoconfigure.web.servlet.WebMvcAutoConfiguration, org.springframework.boot.test.autoconfigure.web.servlet.MockMvcAutoConfiguration, org.springframework.boot.test.autoconfigure.web.servlet.MockMvcWebClientAutoConfiguration, org.springframework.boot.test.autoconfigure.web.servlet.MockMvcWebDriverAutoConfiguration, org.springframework.boot.autoconfigure.security.oauth2.client.servlet.OAuth2ClientAutoConfiguration, org.springframework.boot.autoconfigure.security.oauth2.resource.servlet.OAuth2ResourceServerAutoConfiguration, org.springframework.boot.autoconfigure.security.servlet.SecurityAutoConfiguration, org.springframework.boot.autoconfigure.security.servlet.SecurityFilterAutoConfiguration, org.springframework.boot.autoconfigure.security.servlet.UserDetailsServiceAutoConfiguration, org.springframework.boot.test.autoconfigure.web.servlet.MockMvcSecurityConfiguration]], org.springframework.boot.test.context.filter.ExcludeFilterContextCustomizer@130c12b7, org.springframework.boot.test.json.DuplicateJsonObjectContextCustomizerFactory$DuplicateJsonObjectContextCustomizer@5d534f5d, org.springframework.boot.test.mock.mockito.MockitoContextCustomizer@370b27ea, org.springframework.boot.test.autoconfigure.OverrideAutoConfigurationContextCustomizerFactory$DisableAutoConfigurationContextCustomizer@298a5e20, org.springframework.boot.test.autoconfigure.actuate.metrics.MetricsExportContextCustomizerFactory$DisableMetricExportContextCustomizer@26d9b808, org.springframework.boot.test.autoconfigure.filter.TypeExcludeFiltersContextCustomizer@5f66c19e, org.springframework.boot.test.autoconfigure.properties.PropertyMappingContextCustomizer@2c1071d1, org.springframework.boot.test.autoconfigure.web.servlet.WebDriverContextCustomizerFactory$Customizer@14028087, org.springframework.boot.test.context.SpringBootTestArgs@1, org.springframework.boot.test.context.SpringBootTestWebEnvironment@0], resourceBasePath = 'src/main/webapp', contextLoader = 'org.springframework.boot.test.context.SpringBootContextLoader', parent = [null]], attributes = map[[empty]]], class annotated with @DirtiesContext [false] with mode [null].
22:11:19.810 [main] DEBUG org.springframework.test.context.support.TestPropertySourceUtils - Adding inlined properties to environment: {spring.jmx.enabled=false, org.springframework.boot.test.autoconfigure.web.servlet.WebMvcTestContextBootstrapper=true}

  .   ____          _            __ _ _
 /\\ / ___'_ __ _ _(_)_ __  __ _ \ \ \ \
( ( )\___ | '_ | '_| | '_ \/ _` | \ \ \ \
 \\/  ___)| |_)| | | | | || (_| |  ) ) ) )
  '  |____| .__|_| |_|_| |_\__, | / / / /
 =========|_|==============|___/=/_/_/_/
 :: Spring Boot ::                (v2.5.4)

&amp#27;[30m2022-05-13 22:11:20,511&amp#27;[0;39m &amp#27;[34mINFO &amp#27;[0;39m [&amp#27;[34mmain&amp#27;[0;39m] &amp#27;[33morg.springframework.boot.StartupInfoLogger&amp#27;[0;39m: Starting CatalogControllerTest using Java 11.0.15 on leoley with PID 57240 (started by leonard in /home/leonard/Documentos/Proyectos/zara-catalog)
&amp#27;[30m2022-05-13 22:11:20,513&amp#27;[0;39m &amp#27;[39mDEBUG&amp#27;[0;39m [&amp#27;[34mmain&amp#27;[0;39m] &amp#27;[33morg.springframework.boot.StartupInfoLogger&amp#27;[0;39m: Running with Spring Boot v2.5.4, Spring v5.3.9
&amp#27;[30m2022-05-13 22:11:20,514&amp#27;[0;39m &amp#27;[34mINFO &amp#27;[0;39m [&amp#27;[34mmain&amp#27;[0;39m] &amp#27;[33morg.springframework.boot.SpringApplication&amp#27;[0;39m: The following profiles are active: dev
&amp#27;[30m2022-05-13 22:11:22,744&amp#27;[0;39m &amp#27;[34mINFO &amp#27;[0;39m [&amp#27;[34mmain&amp#27;[0;39m] &amp#27;[33morg.springframework.mock.web.MockServletContext&amp#27;[0;39m: Initializing Spring TestDispatcherServlet ''
&amp#27;[30m2022-05-13 22:11:22,744&amp#27;[0;39m &amp#27;[34mINFO &amp#27;[0;39m [&amp#27;[34mmain&amp#27;[0;39m] &amp#27;[33morg.springframework.web.servlet.FrameworkServlet&amp#27;[0;39m: Initializing Servlet ''
&amp#27;[30m2022-05-13 22:11:22,747&amp#27;[0;39m &amp#27;[34mINFO &amp#27;[0;39m [&amp#27;[34mmain&amp#27;[0;39m] &amp#27;[33morg.springframework.web.servlet.FrameworkServlet&amp#27;[0;39m: Completed initialization in 3 ms
&amp#27;[30m2022-05-13 22:11:22,796&amp#27;[0;39m &amp#27;[34mINFO &amp#27;[0;39m [&amp#27;[34mmain&amp#27;[0;39m] &amp#27;[33morg.springframework.boot.StartupInfoLogger&amp#27;[0;39m: Started CatalogControllerTest in 2.978 seconds (JVM running for 4.138)
&amp#27;[30m2022-05-13 22:11:22,799&amp#27;[0;39m &amp#27;[34mINFO &amp#27;[0;39m [&amp#27;[34mmain&amp#27;[0;39m] &amp#27;[33mcom.zara.catalog.StarterWebApplication&amp#27;[0;39m: 
--------------------------------------------------------
	API 'API Catalog for List Prices' is running! 
	Local: 		http://localhost:9090
	Profile(s): 	[dev]
--------------------------------------------------------
]]></system-out>
  </testcase>
</testsuite>